Determining if the pthread_create exist failed with the following output:
Change Dir: /mnt/d/DOCUMENTS/CS4500/CS4500-Assignment-4/part1/CMakeFiles/CMakeTmp

Run Build Command:"/usr/bin/make" "cmTC_7c4df/fast"
/usr/bin/make -f CMakeFiles/cmTC_7c4df.dir/build.make CMakeFiles/cmTC_7c4df.dir/build
make[1]: Entering directory '/mnt/d/DOCUMENTS/CS4500/CS4500-Assignment-4/part1/CMakeFiles/CMakeTmp'
Building C object CMakeFiles/cmTC_7c4df.dir/CheckSymbolExists.c.o
/usr/bin/cc    -o CMakeFiles/cmTC_7c4df.dir/CheckSymbolExists.c.o   -c /mnt/d/DOCUMENTS/CS4500/CS4500-Assignment-4/part1/CMakeFiles/CMakeTmp/CheckSymbolExists.c
Linking C executable cmTC_7c4df
/usr/bin/cmake -E cmake_link_script CMakeFiles/cmTC_7c4df.dir/link.txt --verbose=1
/usr/bin/cc      -rdynamic CMakeFiles/cmTC_7c4df.dir/CheckSymbolExists.c.o  -o cmTC_7c4df 
/usr/bin/ld: CMakeFiles/cmTC_7c4df.dir/CheckSymbolExists.c.o: in function `main':
CheckSymbolExists.c:(.text+0x1b): undefined reference to `pthread_create'
collect2: error: ld returned 1 exit status
make[1]: *** [CMakeFiles/cmTC_7c4df.dir/build.make:87: cmTC_7c4df] Error 1
make[1]: Leaving directory '/mnt/d/DOCUMENTS/CS4500/CS4500-Assignment-4/part1/CMakeFiles/CMakeTmp'
make: *** [Makefile:121: cmTC_7c4df/fast] Error 2

File /mnt/d/DOCUMENTS/CS4500/CS4500-Assignment-4/part1/CMakeFiles/CMakeTmp/CheckSymbolExists.c:
/* */
#include <pthread.h>

int main(int argc, char** argv)
{
  (void)argv;
#ifndef pthread_create
  return ((int*)(&pthread_create))[argc];
#else
  (void)argc;
  return 0;
#endif
}

Determining if the function pthread_create exists in the pthreads failed with the following output:
Change Dir: /mnt/d/DOCUMENTS/CS4500/CS4500-Assignment-4/part1/CMakeFiles/CMakeTmp

Run Build Command:"/usr/bin/make" "cmTC_09888/fast"
/usr/bin/make -f CMakeFiles/cmTC_09888.dir/build.make CMakeFiles/cmTC_09888.dir/build
make[1]: Entering directory '/mnt/d/DOCUMENTS/CS4500/CS4500-Assignment-4/part1/CMakeFiles/CMakeTmp'
Building C object CMakeFiles/cmTC_09888.dir/CheckFunctionExists.c.o
/usr/bin/cc   -DCHECK_FUNCTION_EXISTS=pthread_create   -o CMakeFiles/cmTC_09888.dir/CheckFunctionExists.c.o   -c /usr/share/cmake-3.13/Modules/CheckFunctionExists.c
Linking C executable cmTC_09888
/usr/bin/cmake -E cmake_link_script CMakeFiles/cmTC_09888.dir/link.txt --verbose=1
/usr/bin/cc  -DCHECK_FUNCTION_EXISTS=pthread_create    -rdynamic CMakeFiles/cmTC_09888.dir/CheckFunctionExists.c.o  -o cmTC_09888 -lpthreads 
/usr/bin/ld: cannot find -lpthreads
collect2: error: ld returned 1 exit status
make[1]: *** [CMakeFiles/cmTC_09888.dir/build.make:87: cmTC_09888] Error 1
make[1]: Leaving directory '/mnt/d/DOCUMENTS/CS4500/CS4500-Assignment-4/part1/CMakeFiles/CMakeTmp'
make: *** [Makefile:121: cmTC_09888/fast] Error 2


